DEBUG:geventwebsocket.handler:Initializing WebSocket
DEBUG:geventwebsocket.handler:Validating WebSocket request
INFO:geventwebsocket.handler:127.0.0.1 - - [2021-02-26 16:02:25] "GET / HTTP/1.1" 302 420 0.004983
DEBUG:geventwebsocket.handler:Initializing WebSocket
DEBUG:geventwebsocket.handler:Validating WebSocket request
INFO:geventwebsocket.handler:127.0.0.1 - - [2021-02-26 16:02:25] "GET /postsofcompliments/ HTTP/1.1" 200 860 0.020580
DEBUG:geventwebsocket.handler:Initializing WebSocket
DEBUG:geventwebsocket.handler:Validating WebSocket request
INFO:geventwebsocket.handler:127.0.0.1 - - [2021-02-26 16:02:25] "GET /postsofcompliments/static/css/general.css HTTP/1.1" 200 4311 0.011095
DEBUG:geventwebsocket.handler:Initializing WebSocket
DEBUG:geventwebsocket.handler:Validating WebSocket request
INFO:geventwebsocket.handler:127.0.0.1 - - [2021-02-26 16:02:26] "GET /favicon.ico HTTP/1.1" 404 356 0.006002
DEBUG:geventwebsocket.handler:Initializing WebSocket
DEBUG:geventwebsocket.handler:Validating WebSocket request
INFO:geventwebsocket.handler:127.0.0.1 - - [2021-02-26 16:02:27] "GET /postsofcompliments/create HTTP/1.1" 200 2626 0.022939
DEBUG:geventwebsocket.handler:Initializing WebSocket
DEBUG:geventwebsocket.handler:Validating WebSocket request
DEBUG:geventwebsocket.handler:Can only upgrade connection if using GET method.
INFO:root:JOAUQNcreated
INFO:geventwebsocket.handler:127.0.0.1 - - [2021-02-26 16:02:40] "POST /postsofcompliments/create HTTP/1.1" 302 492 0.036903
DEBUG:geventwebsocket.handler:Initializing WebSocket
DEBUG:geventwebsocket.handler:Validating WebSocket request
INFO:geventwebsocket.handler:127.0.0.1 - - [2021-02-26 16:02:40] "GET /postsofcompliments/session/JOAUQN/character HTTP/1.1" 200 1097 0.010972
DEBUG:geventwebsocket.handler:Initializing WebSocket
DEBUG:geventwebsocket.handler:Validating WebSocket request
DEBUG:geventwebsocket.handler:Can only upgrade connection if using GET method.
INFO:geventwebsocket.handler:127.0.0.1 - - [2021-02-26 16:02:45] "POST /postsofcompliments/session/JOAUQN/character HTTP/1.1" 302 718 0.042883
DEBUG:geventwebsocket.handler:Initializing WebSocket
DEBUG:geventwebsocket.handler:Validating WebSocket request
INFO:geventwebsocket.handler:127.0.0.1 - - [2021-02-26 16:02:46] "GET /postsofcompliments/session/JOAUQN?reload=False HTTP/1.1" 200 1494 0.020934
DEBUG:geventwebsocket.handler:Initializing WebSocket
DEBUG:geventwebsocket.handler:Validating WebSocket request
INFO:geventwebsocket.handler:127.0.0.1 - - [2021-02-26 16:02:46] "GET /postsofcompliments/static/javascript/play.js HTTP/1.1" 200 4985 0.010971
DEBUG:geventwebsocket.handler:Initializing WebSocket
DEBUG:geventwebsocket.handler:Validating WebSocket request
INFO:geventwebsocket.handler:127.0.0.1 - - [2021-02-26 16:02:46] "GET /postsofcompliments/static/css/play.css HTTP/1.1" 200 2165 0.008981
DEBUG:geventwebsocket.handler:Initializing WebSocket
DEBUG:geventwebsocket.handler:Validating WebSocket request
INFO:geventwebsocket.handler:127.0.0.1 - - [2021-02-26 16:02:46] "GET /socket.io/?EIO=4&transport=polling&t=NVUtHB- HTTP/1.1" 200 253 0.001981
DEBUG:geventwebsocket.handler:Initializing WebSocket
DEBUG:geventwebsocket.handler:Validating WebSocket request
DEBUG:geventwebsocket.handler:Attempting to upgrade connection
DEBUG:geventwebsocket.handler:WebSocket request accepted, switching protocols
DEBUG:geventwebsocket.handler:Initializing WebSocket
DEBUG:geventwebsocket.handler:Validating WebSocket request
DEBUG:geventwebsocket.handler:Can only upgrade connection if using GET method.
INFO:geventwebsocket.handler:127.0.0.1 - - [2021-02-26 16:02:46] "POST /socket.io/?EIO=4&transport=polling&t=NVUtHCV&sid=vtDOoTgigKqVZigQAAAA HTTP/1.1" 200 195 0.061348
DEBUG:geventwebsocket.handler:Initializing WebSocket
DEBUG:geventwebsocket.handler:Validating WebSocket request
INFO:geventwebsocket.handler:127.0.0.1 - - [2021-02-26 16:02:46] "GET /socket.io/?EIO=4&transport=polling&t=NVUtHCZ&sid=vtDOoTgigKqVZigQAAAA HTTP/1.1" 200 157 0.000998
DEBUG:geventwebsocket.handler:Initializing WebSocket
DEBUG:geventwebsocket.handler:Validating WebSocket request
INFO:geventwebsocket.handler:127.0.0.1 - - [2021-02-26 16:03:45] "GET /socket.io/?EIO=4&transport=polling&t=NVUtVhS HTTP/1.1" 200 253 0.000990
DEBUG:geventwebsocket.handler:Initializing WebSocket
DEBUG:geventwebsocket.handler:Validating WebSocket request
DEBUG:geventwebsocket.handler:Attempting to upgrade connection
DEBUG:geventwebsocket.handler:WebSocket request accepted, switching protocols
DEBUG:geventwebsocket.handler:Initializing WebSocket
DEBUG:geventwebsocket.handler:Validating WebSocket request
DEBUG:geventwebsocket.handler:Can only upgrade connection if using GET method.
ERROR:engineio.server:message handler error
Traceback (most recent call last):
  File "C:\Users\jonat\AppData\Roaming\Python\Python38\site-packages\engineio\server.py", line 595, in _trigger_event
    return self.handlers[event](*args)
  File "C:\Users\jonat\AppData\Roaming\Python\Python38\site-packages\socketio\server.py", line 732, in _handle_eio_message
    self._handle_connect(eio_sid, pkt.namespace)
  File "C:\Users\jonat\AppData\Roaming\Python\Python38\site-packages\socketio\server.py", line 631, in _handle_connect
    success = self._trigger_event('connect', namespace, sid,
  File "C:\Users\jonat\AppData\Roaming\Python\Python38\site-packages\socketio\server.py", line 704, in _trigger_event
    return self.handlers[namespace][event](*args)
  File "C:\Users\jonat\AppData\Roaming\Python\Python38\site-packages\flask_socketio\__init__.py", line 283, in _handler
    return self._handle_event(handler, message, namespace, sid,
  File "C:\Users\jonat\AppData\Roaming\Python\Python38\site-packages\flask_socketio\__init__.py", line 749, in _handle_event
    ret = handler()
  File "c:\Users\jonat\Desktop\baseshuttle\postsofcompliments\__init__.py", line 135, in connect
    socketio.emit('redirect', url_for('postsofcompliments.create_character', session_id=room))
  File "C:\Users\jonat\AppData\Roaming\Python\Python38\site-packages\flask\helpers.py", line 370, in url_for
    return appctx.app.handle_url_build_error(error, endpoint, values)
  File "C:\Users\jonat\AppData\Roaming\Python\Python38\site-packages\flask\app.py", line 2216, in handle_url_build_error
    reraise(exc_type, exc_value, tb)
  File "C:\Users\jonat\AppData\Roaming\Python\Python38\site-packages\flask\_compat.py", line 39, in reraise
    raise value
  File "C:\Users\jonat\AppData\Roaming\Python\Python38\site-packages\flask\helpers.py", line 357, in url_for
    rv = url_adapter.build(
  File "C:\Users\jonat\AppData\Roaming\Python\Python38\site-packages\werkzeug\routing.py", line 2179, in build
    raise BuildError(endpoint, values, method, self)
werkzeug.routing.BuildError: Could not build url for endpoint 'postsofcompliments.create_character'. Did you forget to specify values ['session_id']?
INFO:geventwebsocket.handler:127.0.0.1 - - [2021-02-26 16:03:45] "POST /socket.io/?EIO=4&transport=polling&t=NVUtVhe&sid=XNoJaWXpHN670rDvAAAA HTTP/1.1" 200 195 0.328939
DEBUG:geventwebsocket.handler:Initializing WebSocket
DEBUG:geventwebsocket.handler:Validating WebSocket request
INFO:geventwebsocket.handler:127.0.0.1 - - [2021-02-26 16:03:45] "GET /socket.io/?EIO=4&transport=polling&t=NVUtVhg&sid=XNoJaWXpHN670rDvAAAA HTTP/1.1" 200 157 0.000998
INFO:geventwebsocket.handler:127.0.0.1 - - [2021-02-26 16:05:20] "GET /socket.io/?EIO=4&transport=polling&t=NVUtsg8 HTTP/1.1" 200 253 0.000982
ERROR:engineio.server:message handler error
Traceback (most recent call last):
  File "C:\Users\jonat\AppData\Roaming\Python\Python38\site-packages\engineio\server.py", line 595, in _trigger_event
    return self.handlers[event](*args)
  File "C:\Users\jonat\AppData\Roaming\Python\Python38\site-packages\socketio\server.py", line 732, in _handle_eio_message
    self._handle_connect(eio_sid, pkt.namespace)
  File "C:\Users\jonat\AppData\Roaming\Python\Python38\site-packages\socketio\server.py", line 631, in _handle_connect
    success = self._trigger_event('connect', namespace, sid,
  File "C:\Users\jonat\AppData\Roaming\Python\Python38\site-packages\socketio\server.py", line 704, in _trigger_event
    return self.handlers[namespace][event](*args)
  File "C:\Users\jonat\AppData\Roaming\Python\Python38\site-packages\flask_socketio\__init__.py", line 283, in _handler
    return self._handle_event(handler, message, namespace, sid,
  File "C:\Users\jonat\AppData\Roaming\Python\Python38\site-packages\flask_socketio\__init__.py", line 749, in _handle_event
    ret = handler()
  File "c:\Users\jonat\Desktop\baseshuttle\postsofcompliments\__init__.py", line 135, in connect
    socketio.emit('redirect', url_for('postsofcompliments.create_character', session_id=room))
  File "C:\Users\jonat\AppData\Roaming\Python\Python38\site-packages\flask\helpers.py", line 370, in url_for
    return appctx.app.handle_url_build_error(error, endpoint, values)
  File "C:\Users\jonat\AppData\Roaming\Python\Python38\site-packages\flask\app.py", line 2216, in handle_url_build_error
    reraise(exc_type, exc_value, tb)
  File "C:\Users\jonat\AppData\Roaming\Python\Python38\site-packages\flask\_compat.py", line 39, in reraise
    raise value
  File "C:\Users\jonat\AppData\Roaming\Python\Python38\site-packages\flask\helpers.py", line 357, in url_for
    rv = url_adapter.build(
  File "C:\Users\jonat\AppData\Roaming\Python\Python38\site-packages\werkzeug\routing.py", line 2179, in build
    raise BuildError(endpoint, values, method, self)
werkzeug.routing.BuildError: Could not build url for endpoint 'postsofcompliments.create_character'. Did you forget to specify values ['session_id']?
INFO:geventwebsocket.handler:127.0.0.1 - - [2021-02-26 16:05:20] "POST /socket.io/?EIO=4&transport=polling&t=NVUtswI&sid=WUZJnKABTB0MMk3hAAAA HTTP/1.1" 200 195 0.100087
INFO:geventwebsocket.handler:127.0.0.1 - - [2021-02-26 16:05:20] "GET /socket.io/?EIO=4&transport=polling&t=NVUtswK&sid=WUZJnKABTB0MMk3hAAAA HTTP/1.1" 200 157 0.000997
INFO:geventwebsocket.handler:127.0.0.1 - - [2021-02-26 16:05:27] "GET / HTTP/1.1" 302 420 0.001995
INFO:geventwebsocket.handler:127.0.0.1 - - [2021-02-26 16:05:27] "GET /postsofcompliments/ HTTP/1.1" 200 860 0.016956
INFO:geventwebsocket.handler:127.0.0.1 - - [2021-02-26 16:05:30] "GET /postsofcompliments/create HTTP/1.1" 200 2571 0.004975
INFO:root:VRKCEVcreated
INFO:geventwebsocket.handler:127.0.0.1 - - [2021-02-26 16:05:48] "POST /postsofcompliments/create HTTP/1.1" 302 492 0.035877
INFO:geventwebsocket.handler:127.0.0.1 - - [2021-02-26 16:05:48] "GET /postsofcompliments/session/VRKCEV/character HTTP/1.1" 200 1097 0.005985
